*** Starting uWSGI 2.0.14 (64bit) on [Thu Oct 20 17:02:35 2016] ***
compiled with version: 5.4.0 20160609 on 18 October 2016 18:36:42
os: Linux-4.4.0-21-generic #37-Ubuntu SMP Mon Apr 18 18:33:37 UTC 2016
nodename: yuzhipeng-Lenovo-G40-70
machine: x86_64
clock source: unix
detected number of CPU cores: 4
current working directory: /home/yuzhipeng/桌面/myblog
detected binary path: /usr/local/bin/uwsgi
!!! no internal routing support, rebuild with pcre support !!!
uWSGI running as root, you can use --uid/--gid/--chroot options
*** WARNING: you are running uWSGI as root !!! (use the --uid flag) *** 
chdir() to /home/yuzhipeng/桌面/myblog
*** WARNING: you are running uWSGI without its master process manager ***
your processes number limit is 14929
your memory page size is 4096 bytes
detected max file descriptor number: 1024
lock engine: pthread robust mutexes
thunder lock: disabled (you can enable it with --thunder-lock)
uwsgi socket 0 bound to TCP address :8077 fd 3
Python version: 2.7.12 (default, Jul  1 2016, 15:12:24)  [GCC 5.4.0 20160609]
*** Python threads support is disabled. You can enable it with --enable-threads ***
Python main interpreter initialized at 0xe85c60
your server socket listen backlog is limited to 100 connections
your mercy for graceful operations on workers is 60 seconds
mapped 291040 bytes (284 KB) for 4 cores
*** Operational MODE: preforking ***
  File "./django_wsgi.py", line 4
    import os
    ^
IndentationError: unexpected indent
unable to load app 0 (mountpoint='') (callable not found or import error)
*** no app loaded. going in full dynamic mode ***
*** uWSGI is running in multiple interpreter mode ***
spawned uWSGI worker 1 (pid: 5006, cores: 1)
spawned uWSGI worker 2 (pid: 5009, cores: 1)
spawned uWSGI worker 3 (pid: 5010, cores: 1)
spawned uWSGI worker 4 (pid: 5011, cores: 1)
--- no python application found, check your startup logs for errors ---
[pid: 5010|app: -1|req: -1/1] 127.0.0.1 () {40 vars in 680 bytes} [Thu Oct 20 17:03:00 2016] GET / => generated 21 bytes in 0 msecs (HTTP/1.1 500) 2 headers in 83 bytes (0 switches on core 0)
--- no python application found, check your startup logs for errors ---
[pid: 5011|app: -1|req: -1/2] 127.0.0.1 () {40 vars in 702 bytes} [Thu Oct 20 17:03:00 2016] GET /favicon.ico => generated 21 bytes in 0 msecs (HTTP/1.1 500) 2 headers in 83 bytes (0 switches on core 0)
--- no python application found, check your startup logs for errors ---
[pid: 5010|app: -1|req: -1/3] 127.0.0.1 () {40 vars in 690 bytes} [Thu Oct 20 17:03:05 2016] GET /admin => generated 21 bytes in 0 msecs (HTTP/1.1 500) 2 headers in 83 bytes (0 switches on core 0)
--- no python application found, check your startup logs for errors ---
[pid: 5011|app: -1|req: -1/4] 127.0.0.1 () {40 vars in 680 bytes} [Thu Oct 20 17:03:27 2016] GET / => generated 21 bytes in 0 msecs (HTTP/1.1 500) 2 headers in 83 bytes (0 switches on core 0)
--- no python application found, check your startup logs for errors ---
[pid: 5011|app: -1|req: -1/5] 127.0.0.1 () {40 vars in 680 bytes} [Thu Oct 20 17:03:41 2016] GET / => generated 21 bytes in 0 msecs (HTTP/1.1 500) 2 headers in 83 bytes (0 switches on core 0)
--- no python application found, check your startup logs for errors ---
[pid: 5010|app: -1|req: -1/6] 127.0.0.1 () {40 vars in 680 bytes} [Thu Oct 20 17:04:29 2016] GET / => generated 21 bytes in 0 msecs (HTTP/1.1 500) 2 headers in 83 bytes (0 switches on core 0)
--- no python application found, check your startup logs for errors ---
[pid: 5010|app: -1|req: -1/7] 127.0.0.1 () {40 vars in 680 bytes} [Thu Oct 20 17:32:23 2016] GET / => generated 21 bytes in 0 msecs (HTTP/1.1 500) 2 headers in 83 bytes (0 switches on core 0)
--- no python application found, check your startup logs for errors ---
[pid: 5009|app: -1|req: -1/8] 127.0.0.1 () {40 vars in 680 bytes} [Thu Oct 20 17:32:24 2016] GET / => generated 21 bytes in 0 msecs (HTTP/1.1 500) 2 headers in 83 bytes (0 switches on core 0)
--- no python application found, check your startup logs for errors ---
[pid: 5010|app: -1|req: -1/9] 127.0.0.1 () {40 vars in 680 bytes} [Thu Oct 20 17:33:11 2016] GET / => generated 21 bytes in 0 msecs (HTTP/1.1 500) 2 headers in 83 bytes (0 switches on core 0)
*** Starting uWSGI 2.0.14 (64bit) on [Thu Oct 20 17:41:23 2016] ***
compiled with version: 5.4.0 20160609 on 18 October 2016 18:36:42
os: Linux-4.4.0-21-generic #37-Ubuntu SMP Mon Apr 18 18:33:37 UTC 2016
nodename: yuzhipeng-Lenovo-G40-70
machine: x86_64
clock source: unix
detected number of CPU cores: 4
current working directory: /home/yuzhipeng/桌面/myblog
detected binary path: /usr/local/bin/uwsgi
!!! no internal routing support, rebuild with pcre support !!!
uWSGI running as root, you can use --uid/--gid/--chroot options
*** WARNING: you are running uWSGI as root !!! (use the --uid flag) *** 
chdir() to /home/yuzhipeng/桌面/myblog
*** WARNING: you are running uWSGI without its master process manager ***
your processes number limit is 14929
your memory page size is 4096 bytes
detected max file descriptor number: 1024
lock engine: pthread robust mutexes
thunder lock: disabled (you can enable it with --thunder-lock)
probably another instance of uWSGI is running on the same address (:8077).
bind(): Address already in use [core/socket.c line 769]
--- no python application found, check your startup logs for errors ---
[pid: 5011|app: -1|req: -1/10] 127.0.0.1 () {40 vars in 680 bytes} [Thu Oct 20 17:43:09 2016] GET / => generated 21 bytes in 0 msecs (HTTP/1.1 500) 2 headers in 83 bytes (0 switches on core 0)
--- no python application found, check your startup logs for errors ---
[pid: 5006|app: -1|req: -1/11] 127.0.0.1 () {40 vars in 680 bytes} [Thu Oct 20 17:43:21 2016] GET / => generated 21 bytes in 0 msecs (HTTP/1.1 500) 2 headers in 83 bytes (0 switches on core 0)
--- no python application found, check your startup logs for errors ---
[pid: 5010|app: -1|req: -1/12] 127.0.0.1 () {42 vars in 711 bytes} [Thu Oct 20 17:44:17 2016] GET / => generated 21 bytes in 0 msecs (HTTP/1.1 500) 2 headers in 83 bytes (0 switches on core 0)
--- no python application found, check your startup logs for errors ---
[pid: 5010|app: -1|req: -1/13] 127.0.0.1 () {40 vars in 680 bytes} [Thu Oct 20 17:44:34 2016] GET / => generated 21 bytes in 0 msecs (HTTP/1.1 500) 2 headers in 83 bytes (0 switches on core 0)
--- no python application found, check your startup logs for errors ---
[pid: 5011|app: -1|req: -1/14] 127.0.0.1 () {40 vars in 680 bytes} [Thu Oct 20 17:46:22 2016] GET / => generated 21 bytes in 0 msecs (HTTP/1.1 500) 2 headers in 83 bytes (0 switches on core 0)
--- no python application found, check your startup logs for errors ---
[pid: 5010|app: -1|req: -1/15] 127.0.0.1 () {40 vars in 680 bytes} [Thu Oct 20 17:46:24 2016] GET / => generated 21 bytes in 0 msecs (HTTP/1.1 500) 2 headers in 83 bytes (0 switches on core 0)
*** Starting uWSGI 2.0.14 (64bit) on [Thu Oct 20 17:48:04 2016] ***
compiled with version: 5.4.0 20160609 on 18 October 2016 18:36:42
os: Linux-4.4.0-21-generic #37-Ubuntu SMP Mon Apr 18 18:33:37 UTC 2016
nodename: yuzhipeng-Lenovo-G40-70
machine: x86_64
clock source: unix
detected number of CPU cores: 4
current working directory: /home/yuzhipeng/桌面/myblog
detected binary path: /usr/local/bin/uwsgi
!!! no internal routing support, rebuild with pcre support !!!
uWSGI running as root, you can use --uid/--gid/--chroot options
*** WARNING: you are running uWSGI as root !!! (use the --uid flag) *** 
chdir() to /home/yuzhipeng/桌面/myblog
*** WARNING: you are running uWSGI without its master process manager ***
your processes number limit is 14929
your memory page size is 4096 bytes
detected max file descriptor number: 1024
lock engine: pthread robust mutexes
thunder lock: disabled (you can enable it with --thunder-lock)
uwsgi socket 0 bound to TCP address :8076 fd 3
Python version: 2.7.12 (default, Jul  1 2016, 15:12:24)  [GCC 5.4.0 20160609]
*** Python threads support is disabled. You can enable it with --enable-threads ***
Python main interpreter initialized at 0x266ec30
your server socket listen backlog is limited to 100 connections
your mercy for graceful operations on workers is 60 seconds
mapped 291040 bytes (284 KB) for 4 cores
*** Operational MODE: preforking ***
  File "./django_wsgi.py", line 4
    import os
    ^
IndentationError: unexpected indent
unable to load app 0 (mountpoint='') (callable not found or import error)
*** no app loaded. going in full dynamic mode ***
*** uWSGI is running in multiple interpreter mode ***
spawned uWSGI worker 1 (pid: 14204, cores: 1)
spawned uWSGI worker 2 (pid: 14205, cores: 1)
spawned uWSGI worker 3 (pid: 14206, cores: 1)
spawned uWSGI worker 4 (pid: 14207, cores: 1)
*** Starting uWSGI 2.0.14 (64bit) on [Thu Oct 20 17:48:16 2016] ***
compiled with version: 5.4.0 20160609 on 18 October 2016 18:36:42
os: Linux-4.4.0-21-generic #37-Ubuntu SMP Mon Apr 18 18:33:37 UTC 2016
nodename: yuzhipeng-Lenovo-G40-70
machine: x86_64
clock source: unix
detected number of CPU cores: 4
current working directory: /home/yuzhipeng/桌面/myblog
detected binary path: /usr/local/bin/uwsgi
!!! no internal routing support, rebuild with pcre support !!!
uWSGI running as root, you can use --uid/--gid/--chroot options
*** WARNING: you are running uWSGI as root !!! (use the --uid flag) *** 
chdir() to /home/yuzhipeng/桌面/myblog
*** WARNING: you are running uWSGI without its master process manager ***
your processes number limit is 14929
your memory page size is 4096 bytes
detected max file descriptor number: 1024
lock engine: pthread robust mutexes
thunder lock: disabled (you can enable it with --thunder-lock)
probably another instance of uWSGI is running on the same address (:8076).
bind(): Address already in use [core/socket.c line 769]
*** Starting uWSGI 2.0.14 (64bit) on [Thu Oct 20 17:48:43 2016] ***
compiled with version: 5.4.0 20160609 on 18 October 2016 18:36:42
os: Linux-4.4.0-21-generic #37-Ubuntu SMP Mon Apr 18 18:33:37 UTC 2016
nodename: yuzhipeng-Lenovo-G40-70
machine: x86_64
clock source: unix
detected number of CPU cores: 4
current working directory: /home/yuzhipeng/桌面/myblog
detected binary path: /usr/local/bin/uwsgi
!!! no internal routing support, rebuild with pcre support !!!
uWSGI running as root, you can use --uid/--gid/--chroot options
*** WARNING: you are running uWSGI as root !!! (use the --uid flag) *** 
chdir() to /home/yuzhipeng/桌面/myblog
*** WARNING: you are running uWSGI without its master process manager ***
your processes number limit is 14929
your memory page size is 4096 bytes
detected max file descriptor number: 1024
lock engine: pthread robust mutexes
thunder lock: disabled (you can enable it with --thunder-lock)
probably another instance of uWSGI is running on the same address (:8076).
bind(): Address already in use [core/socket.c line 769]
*** Starting uWSGI 2.0.14 (64bit) on [Thu Oct 20 17:49:34 2016] ***
compiled with version: 5.4.0 20160609 on 18 October 2016 18:36:42
os: Linux-4.4.0-21-generic #37-Ubuntu SMP Mon Apr 18 18:33:37 UTC 2016
nodename: yuzhipeng-Lenovo-G40-70
machine: x86_64
clock source: unix
detected number of CPU cores: 4
current working directory: /home/yuzhipeng/桌面/myblog
detected binary path: /usr/local/bin/uwsgi
!!! no internal routing support, rebuild with pcre support !!!
uWSGI running as root, you can use --uid/--gid/--chroot options
*** WARNING: you are running uWSGI as root !!! (use the --uid flag) *** 
chdir() to /home/yuzhipeng/桌面/myblog
*** WARNING: you are running uWSGI without its master process manager ***
your processes number limit is 14929
your memory page size is 4096 bytes
detected max file descriptor number: 1024
lock engine: pthread robust mutexes
thunder lock: disabled (you can enable it with --thunder-lock)
probably another instance of uWSGI is running on the same address (:8076).
bind(): Address already in use [core/socket.c line 769]
*** Starting uWSGI 2.0.14 (64bit) on [Thu Oct 20 17:50:29 2016] ***
compiled with version: 5.4.0 20160609 on 18 October 2016 18:36:42
os: Linux-4.4.0-21-generic #37-Ubuntu SMP Mon Apr 18 18:33:37 UTC 2016
nodename: yuzhipeng-Lenovo-G40-70
machine: x86_64
clock source: unix
detected number of CPU cores: 4
current working directory: /home/yuzhipeng/桌面/myblog
detected binary path: /usr/local/bin/uwsgi
!!! no internal routing support, rebuild with pcre support !!!
uWSGI running as root, you can use --uid/--gid/--chroot options
*** WARNING: you are running uWSGI as root !!! (use the --uid flag) *** 
chdir() to /home/yuzhipeng/桌面/myblog
*** WARNING: you are running uWSGI without its master process manager ***
your processes number limit is 14929
your memory page size is 4096 bytes
detected max file descriptor number: 1024
lock engine: pthread robust mutexes
thunder lock: disabled (you can enable it with --thunder-lock)
probably another instance of uWSGI is running on the same address (:8076).
bind(): Address already in use [core/socket.c line 769]
*** Starting uWSGI 2.0.14 (64bit) on [Thu Oct 20 17:51:23 2016] ***
compiled with version: 5.4.0 20160609 on 18 October 2016 18:36:42
os: Linux-4.4.0-21-generic #37-Ubuntu SMP Mon Apr 18 18:33:37 UTC 2016
nodename: yuzhipeng-Lenovo-G40-70
machine: x86_64
clock source: unix
detected number of CPU cores: 4
current working directory: /home/yuzhipeng/桌面/myblog
detected binary path: /usr/local/bin/uwsgi
!!! no internal routing support, rebuild with pcre support !!!
uWSGI running as root, you can use --uid/--gid/--chroot options
*** WARNING: you are running uWSGI as root !!! (use the --uid flag) *** 
chdir() to /home/yuzhipeng/桌面/myblog
*** WARNING: you are running uWSGI without its master process manager ***
your processes number limit is 14929
your memory page size is 4096 bytes
detected max file descriptor number: 1024
lock engine: pthread robust mutexes
thunder lock: disabled (you can enable it with --thunder-lock)
probably another instance of uWSGI is running on the same address (:8076).
bind(): Address already in use [core/socket.c line 769]
*** Starting uWSGI 2.0.14 (64bit) on [Thu Oct 20 17:53:44 2016] ***
compiled with version: 5.4.0 20160609 on 18 October 2016 18:36:42
os: Linux-4.4.0-21-generic #37-Ubuntu SMP Mon Apr 18 18:33:37 UTC 2016
nodename: yuzhipeng-Lenovo-G40-70
machine: x86_64
clock source: unix
detected number of CPU cores: 4
current working directory: /home/yuzhipeng/桌面/myblog
detected binary path: /usr/local/bin/uwsgi
!!! no internal routing support, rebuild with pcre support !!!
uWSGI running as root, you can use --uid/--gid/--chroot options
*** WARNING: you are running uWSGI as root !!! (use the --uid flag) *** 
chdir() to /home/yuzhipeng/桌面/myblog
*** WARNING: you are running uWSGI without its master process manager ***
your processes number limit is 14929
your memory page size is 4096 bytes
detected max file descriptor number: 1024
lock engine: pthread robust mutexes
thunder lock: disabled (you can enable it with --thunder-lock)
probably another instance of uWSGI is running on the same address (:8076).
bind(): Address already in use [core/socket.c line 769]
*** Starting uWSGI 2.0.14 (64bit) on [Thu Oct 20 17:54:54 2016] ***
compiled with version: 5.4.0 20160609 on 18 October 2016 18:36:42
os: Linux-4.4.0-21-generic #37-Ubuntu SMP Mon Apr 18 18:33:37 UTC 2016
nodename: yuzhipeng-Lenovo-G40-70
machine: x86_64
clock source: unix
detected number of CPU cores: 4
current working directory: /home/yuzhipeng/桌面/myblog
detected binary path: /usr/local/bin/uwsgi
!!! no internal routing support, rebuild with pcre support !!!
uWSGI running as root, you can use --uid/--gid/--chroot options
*** WARNING: you are running uWSGI as root !!! (use the --uid flag) *** 
chdir() to /home/yuzhipeng/桌面/myblog
*** WARNING: you are running uWSGI without its master process manager ***
your processes number limit is 14929
your memory page size is 4096 bytes
detected max file descriptor number: 1024
lock engine: pthread robust mutexes
thunder lock: disabled (you can enable it with --thunder-lock)
uwsgi socket 0 bound to TCP address :8077 fd 3
Python version: 2.7.12 (default, Jul  1 2016, 15:12:24)  [GCC 5.4.0 20160609]
*** Python threads support is disabled. You can enable it with --enable-threads ***
Python main interpreter initialized at 0x103ab40
your server socket listen backlog is limited to 100 connections
your mercy for graceful operations on workers is 60 seconds
mapped 291040 bytes (284 KB) for 4 cores
*** Operational MODE: preforking ***
  File "./django_wsgi.py", line 4
    import os
    ^
IndentationError: unexpected indent
unable to load app 0 (mountpoint='') (callable not found or import error)
*** no app loaded. going in full dynamic mode ***
*** uWSGI is running in multiple interpreter mode ***
spawned uWSGI worker 1 (pid: 15780, cores: 1)
spawned uWSGI worker 2 (pid: 15781, cores: 1)
spawned uWSGI worker 3 (pid: 15782, cores: 1)
spawned uWSGI worker 4 (pid: 15783, cores: 1)
--- no python application found, check your startup logs for errors ---
[pid: 15783|app: -1|req: -1/1] 127.0.0.1 () {42 vars in 711 bytes} [Thu Oct 20 17:55:08 2016] GET / => generated 21 bytes in 0 msecs (HTTP/1.1 500) 2 headers in 83 bytes (0 switches on core 0)
--- no python application found, check your startup logs for errors ---
[pid: 15783|app: -1|req: -1/2] 127.0.0.1 () {42 vars in 711 bytes} [Thu Oct 20 17:55:09 2016] GET / => generated 21 bytes in 0 msecs (HTTP/1.1 500) 2 headers in 83 bytes (0 switches on core 0)
--- no python application found, check your startup logs for errors ---
[pid: 15783|app: -1|req: -1/3] 127.0.0.1 () {42 vars in 711 bytes} [Thu Oct 20 17:55:10 2016] GET / => generated 21 bytes in 0 msecs (HTTP/1.1 500) 2 headers in 83 bytes (0 switches on core 0)
--- no python application found, check your startup logs for errors ---
[pid: 15783|app: -1|req: -1/4] 127.0.0.1 () {42 vars in 711 bytes} [Thu Oct 20 17:55:10 2016] GET / => generated 21 bytes in 0 msecs (HTTP/1.1 500) 2 headers in 83 bytes (0 switches on core 0)
--- no python application found, check your startup logs for errors ---
[pid: 15783|app: -1|req: -1/5] 127.0.0.1 () {42 vars in 711 bytes} [Thu Oct 20 17:55:10 2016] GET / => generated 21 bytes in 0 msecs (HTTP/1.1 500) 2 headers in 83 bytes (0 switches on core 0)
--- no python application found, check your startup logs for errors ---
[pid: 15783|app: -1|req: -1/6] 127.0.0.1 () {42 vars in 711 bytes} [Thu Oct 20 17:55:10 2016] GET / => generated 21 bytes in 0 msecs (HTTP/1.1 500) 2 headers in 83 bytes (0 switches on core 0)
--- no python application found, check your startup logs for errors ---
[pid: 15782|app: -1|req: -1/7] 127.0.0.1 () {42 vars in 711 bytes} [Thu Oct 20 17:55:11 2016] GET / => generated 21 bytes in 0 msecs (HTTP/1.1 500) 2 headers in 83 bytes (0 switches on core 0)
--- no python application found, check your startup logs for errors ---
[pid: 15783|app: -1|req: -1/8] 127.0.0.1 () {42 vars in 711 bytes} [Thu Oct 20 17:55:11 2016] GET / => generated 21 bytes in 0 msecs (HTTP/1.1 500) 2 headers in 83 bytes (0 switches on core 0)
--- no python application found, check your startup logs for errors ---
[pid: 15783|app: -1|req: -1/9] 127.0.0.1 () {42 vars in 711 bytes} [Thu Oct 20 17:55:11 2016] GET / => generated 21 bytes in 0 msecs (HTTP/1.1 500) 2 headers in 83 bytes (0 switches on core 0)
--- no python application found, check your startup logs for errors ---
[pid: 15782|app: -1|req: -1/10] 127.0.0.1 () {42 vars in 711 bytes} [Thu Oct 20 17:55:11 2016] GET / => generated 21 bytes in 0 msecs (HTTP/1.1 500) 2 headers in 83 bytes (0 switches on core 0)
--- no python application found, check your startup logs for errors ---
[pid: 15783|app: -1|req: -1/11] 127.0.0.1 () {42 vars in 711 bytes} [Thu Oct 20 17:55:11 2016] GET / => generated 21 bytes in 0 msecs (HTTP/1.1 500) 2 headers in 83 bytes (0 switches on core 0)
--- no python application found, check your startup logs for errors ---
[pid: 15783|app: -1|req: -1/12] 127.0.0.1 () {42 vars in 711 bytes} [Thu Oct 20 17:55:12 2016] GET / => generated 21 bytes in 0 msecs (HTTP/1.1 500) 2 headers in 83 bytes (0 switches on core 0)
--- no python application found, check your startup logs for errors ---
[pid: 15782|app: -1|req: -1/13] 127.0.0.1 () {42 vars in 711 bytes} [Thu Oct 20 17:55:12 2016] GET / => generated 21 bytes in 0 msecs (HTTP/1.1 500) 2 headers in 83 bytes (0 switches on core 0)
--- no python application found, check your startup logs for errors ---
[pid: 15782|app: -1|req: -1/14] 127.0.0.1 () {42 vars in 711 bytes} [Thu Oct 20 17:55:12 2016] GET / => generated 21 bytes in 0 msecs (HTTP/1.1 500) 2 headers in 83 bytes (0 switches on core 0)
--- no python application found, check your startup logs for errors ---
[pid: 15780|app: -1|req: -1/15] 127.0.0.1 () {42 vars in 711 bytes} [Thu Oct 20 17:55:12 2016] GET / => generated 21 bytes in 0 msecs (HTTP/1.1 500) 2 headers in 83 bytes (0 switches on core 0)
*** Starting uWSGI 2.0.14 (64bit) on [Thu Oct 20 18:02:40 2016] ***
compiled with version: 5.4.0 20160609 on 18 October 2016 18:36:42
os: Linux-4.4.0-21-generic #37-Ubuntu SMP Mon Apr 18 18:33:37 UTC 2016
nodename: yuzhipeng-Lenovo-G40-70
machine: x86_64
clock source: unix
detected number of CPU cores: 4
current working directory: /home/yuzhipeng/桌面/myblog
detected binary path: /usr/local/bin/uwsgi
!!! no internal routing support, rebuild with pcre support !!!
uWSGI running as root, you can use --uid/--gid/--chroot options
*** WARNING: you are running uWSGI as root !!! (use the --uid flag) *** 
chdir() to /home/yuzhipeng/桌面/myblog
*** WARNING: you are running uWSGI without its master process manager ***
your processes number limit is 14929
your memory page size is 4096 bytes
detected max file descriptor number: 1024
lock engine: pthread robust mutexes
thunder lock: disabled (you can enable it with --thunder-lock)
uwsgi socket 0 bound to TCP address :8077 fd 3
Python version: 2.7.12 (default, Jul  1 2016, 15:12:24)  [GCC 5.4.0 20160609]
*** Python threads support is disabled. You can enable it with --enable-threads ***
Python main interpreter initialized at 0x2241b40
your server socket listen backlog is limited to 100 connections
your mercy for graceful operations on workers is 60 seconds
mapped 291040 bytes (284 KB) for 4 cores
*** Operational MODE: preforking ***
  File "./django_wsgi.py", line 4
    import os
    ^
IndentationError: unexpected indent
unable to load app 0 (mountpoint='') (callable not found or import error)
*** no app loaded. going in full dynamic mode ***
*** uWSGI is running in multiple interpreter mode ***
spawned uWSGI worker 1 (pid: 3324, cores: 1)
spawned uWSGI worker 2 (pid: 3325, cores: 1)
spawned uWSGI worker 3 (pid: 3326, cores: 1)
spawned uWSGI worker 4 (pid: 3327, cores: 1)
*** Starting uWSGI 2.0.14 (64bit) on [Thu Oct 20 18:04:44 2016] ***
compiled with version: 5.4.0 20160609 on 18 October 2016 18:36:42
os: Linux-4.4.0-21-generic #37-Ubuntu SMP Mon Apr 18 18:33:37 UTC 2016
nodename: yuzhipeng-Lenovo-G40-70
machine: x86_64
clock source: unix
detected number of CPU cores: 4
current working directory: /home/yuzhipeng/桌面/myblog
detected binary path: /usr/local/bin/uwsgi
!!! no internal routing support, rebuild with pcre support !!!
uWSGI running as root, you can use --uid/--gid/--chroot options
*** WARNING: you are running uWSGI as root !!! (use the --uid flag) *** 
chdir() to /home/yuzhipeng/桌面/myblog
*** WARNING: you are running uWSGI without its master process manager ***
your processes number limit is 14929
your memory page size is 4096 bytes
detected max file descriptor number: 1024
lock engine: pthread robust mutexes
thunder lock: disabled (you can enable it with --thunder-lock)
probably another instance of uWSGI is running on the same address (:8077).
bind(): Address already in use [core/socket.c line 769]
*** Starting uWSGI 2.0.14 (64bit) on [Thu Oct 20 18:05:23 2016] ***
compiled with version: 5.4.0 20160609 on 18 October 2016 18:36:42
os: Linux-4.4.0-21-generic #37-Ubuntu SMP Mon Apr 18 18:33:37 UTC 2016
nodename: yuzhipeng-Lenovo-G40-70
machine: x86_64
clock source: unix
detected number of CPU cores: 4
current working directory: /home/yuzhipeng/桌面/myblog
detected binary path: /usr/local/bin/uwsgi
!!! no internal routing support, rebuild with pcre support !!!
uWSGI running as root, you can use --uid/--gid/--chroot options
*** WARNING: you are running uWSGI as root !!! (use the --uid flag) *** 
chdir() to /home/yuzhipeng/桌面/myblog
*** WARNING: you are running uWSGI without its master process manager ***
your processes number limit is 14929
your memory page size is 4096 bytes
detected max file descriptor number: 1024
lock engine: pthread robust mutexes
thunder lock: disabled (you can enable it with --thunder-lock)
uwsgi socket 0 bound to TCP address :8077 fd 3
Python version: 2.7.12 (default, Jul  1 2016, 15:12:24)  [GCC 5.4.0 20160609]
*** Python threads support is disabled. You can enable it with --enable-threads ***
Python main interpreter initialized at 0xb0ab40
your server socket listen backlog is limited to 100 connections
your mercy for graceful operations on workers is 60 seconds
mapped 291040 bytes (284 KB) for 4 cores
*** Operational MODE: preforking ***
  File "./django_wsgi.py", line 4
    import os
    ^
IndentationError: unexpected indent
unable to load app 0 (mountpoint='') (callable not found or import error)
*** no app loaded. going in full dynamic mode ***
*** uWSGI is running in multiple interpreter mode ***
spawned uWSGI worker 1 (pid: 3417, cores: 1)
spawned uWSGI worker 2 (pid: 3418, cores: 1)
spawned uWSGI worker 3 (pid: 3419, cores: 1)
spawned uWSGI worker 4 (pid: 3420, cores: 1)
*** Starting uWSGI 2.0.14 (64bit) on [Thu Oct 20 18:05:37 2016] ***
compiled with version: 5.4.0 20160609 on 18 October 2016 18:36:42
os: Linux-4.4.0-21-generic #37-Ubuntu SMP Mon Apr 18 18:33:37 UTC 2016
nodename: yuzhipeng-Lenovo-G40-70
machine: x86_64
clock source: unix
detected number of CPU cores: 4
current working directory: /home/yuzhipeng/桌面/myblog
detected binary path: /usr/local/bin/uwsgi
!!! no internal routing support, rebuild with pcre support !!!
uWSGI running as root, you can use --uid/--gid/--chroot options
*** WARNING: you are running uWSGI as root !!! (use the --uid flag) *** 
chdir() to /home/yuzhipeng/桌面/myblog
*** WARNING: you are running uWSGI without its master process manager ***
your processes number limit is 14929
your memory page size is 4096 bytes
detected max file descriptor number: 1024
lock engine: pthread robust mutexes
thunder lock: disabled (you can enable it with --thunder-lock)
probably another instance of uWSGI is running on the same address (:8077).
bind(): Address already in use [core/socket.c line 769]
*** Starting uWSGI 2.0.14 (64bit) on [Thu Oct 20 18:07:38 2016] ***
compiled with version: 5.4.0 20160609 on 18 October 2016 18:36:42
os: Linux-4.4.0-21-generic #37-Ubuntu SMP Mon Apr 18 18:33:37 UTC 2016
nodename: yuzhipeng-Lenovo-G40-70
machine: x86_64
clock source: unix
detected number of CPU cores: 4
current working directory: /home/yuzhipeng/桌面/myblog
detected binary path: /usr/local/bin/uwsgi
!!! no internal routing support, rebuild with pcre support !!!
uWSGI running as root, you can use --uid/--gid/--chroot options
*** WARNING: you are running uWSGI as root !!! (use the --uid flag) *** 
chdir() to /home/yuzhipeng/桌面/myblog
*** WARNING: you are running uWSGI without its master process manager ***
your processes number limit is 14929
your memory page size is 4096 bytes
detected max file descriptor number: 1024
lock engine: pthread robust mutexes
thunder lock: disabled (you can enable it with --thunder-lock)
uwsgi socket 0 bound to TCP address :8077 fd 3
Python version: 2.7.12 (default, Jul  1 2016, 15:12:24)  [GCC 5.4.0 20160609]
*** Python threads support is disabled. You can enable it with --enable-threads ***
Python main interpreter initialized at 0x1f91b40
your server socket listen backlog is limited to 100 connections
your mercy for graceful operations on workers is 60 seconds
mapped 291040 bytes (284 KB) for 4 cores
*** Operational MODE: preforking ***
  File "./django_wsgi.py", line 4
    import os
    ^
IndentationError: unexpected indent
unable to load app 0 (mountpoint='') (callable not found or import error)
*** no app loaded. going in full dynamic mode ***
*** uWSGI is running in multiple interpreter mode ***
spawned uWSGI worker 1 (pid: 3532, cores: 1)
spawned uWSGI worker 2 (pid: 3533, cores: 1)
spawned uWSGI worker 3 (pid: 3534, cores: 1)
spawned uWSGI worker 4 (pid: 3535, cores: 1)
*** Starting uWSGI 2.0.14 (64bit) on [Thu Oct 20 18:08:16 2016] ***
compiled with version: 5.4.0 20160609 on 18 October 2016 18:36:42
os: Linux-4.4.0-21-generic #37-Ubuntu SMP Mon Apr 18 18:33:37 UTC 2016
nodename: yuzhipeng-Lenovo-G40-70
machine: x86_64
clock source: unix
detected number of CPU cores: 4
current working directory: /home/yuzhipeng/桌面/myblog
detected binary path: /usr/local/bin/uwsgi
!!! no internal routing support, rebuild with pcre support !!!
uWSGI running as root, you can use --uid/--gid/--chroot options
*** WARNING: you are running uWSGI as root !!! (use the --uid flag) *** 
chdir() to /home/yuzhipeng/桌面/myblog
*** WARNING: you are running uWSGI without its master process manager ***
your processes number limit is 14929
your memory page size is 4096 bytes
detected max file descriptor number: 1024
lock engine: pthread robust mutexes
thunder lock: disabled (you can enable it with --thunder-lock)
uwsgi socket 0 bound to TCP address :8077 fd 3
Python version: 2.7.12 (default, Jul  1 2016, 15:12:24)  [GCC 5.4.0 20160609]
*** Python threads support is disabled. You can enable it with --enable-threads ***
Python main interpreter initialized at 0xa4db40
your server socket listen backlog is limited to 100 connections
your mercy for graceful operations on workers is 60 seconds
mapped 291040 bytes (284 KB) for 4 cores
*** Operational MODE: preforking ***
  File "./django_wsgi.py", line 4
    import os
    ^
IndentationError: unexpected indent
unable to load app 0 (mountpoint='') (callable not found or import error)
*** no app loaded. going in full dynamic mode ***
*** uWSGI is running in multiple interpreter mode ***
spawned uWSGI worker 1 (pid: 3545, cores: 1)
spawned uWSGI worker 2 (pid: 3546, cores: 1)
spawned uWSGI worker 3 (pid: 3547, cores: 1)
spawned uWSGI worker 4 (pid: 3548, cores: 1)
Gracefully killing worker 4 (pid: 3548)...
*** Starting uWSGI 2.0.14 (64bit) on [Thu Oct 20 20:43:49 2016] ***
compiled with version: 5.4.0 20160609 on 18 October 2016 18:36:42
os: Linux-4.4.0-21-generic #37-Ubuntu SMP Mon Apr 18 18:33:37 UTC 2016
nodename: yuzhipeng-Lenovo-G40-70
machine: x86_64
clock source: unix
detected number of CPU cores: 4
current working directory: /home/yuzhipeng/桌面/myblog
detected binary path: /usr/local/bin/uwsgi
!!! no internal routing support, rebuild with pcre support !!!
uWSGI running as root, you can use --uid/--gid/--chroot options
*** WARNING: you are running uWSGI as root !!! (use the --uid flag) *** 
chdir() to /home/yuzhipeng/桌面/myblog
*** WARNING: you are running uWSGI without its master process manager ***
your processes number limit is 14929
your memory page size is 4096 bytes
detected max file descriptor number: 1024
lock engine: pthread robust mutexes
thunder lock: disabled (you can enable it with --thunder-lock)
uwsgi socket 0 bound to TCP address :8077 fd 3
Python version: 2.7.12 (default, Jul  1 2016, 15:12:24)  [GCC 5.4.0 20160609]
*** Python threads support is disabled. You can enable it with --enable-threads ***
Python main interpreter initialized at 0x1ed3b40
your server socket listen backlog is limited to 100 connections
your mercy for graceful operations on workers is 60 seconds
mapped 291040 bytes (284 KB) for 4 cores
*** Operational MODE: preforking ***
WSGI app 0 (mountpoint='') ready in 0 seconds on interpreter 0x1ed3b40 pid: 4288 (default app)
*** uWSGI is running in multiple interpreter mode ***
spawned uWSGI worker 1 (pid: 4288, cores: 1)
spawned uWSGI worker 2 (pid: 4291, cores: 1)
spawned uWSGI worker 3 (pid: 4292, cores: 1)
spawned uWSGI worker 4 (pid: 4293, cores: 1)
*** Starting uWSGI 2.0.14 (64bit) on [Thu Oct 20 20:47:47 2016] ***
compiled with version: 5.4.0 20160609 on 18 October 2016 18:36:42
os: Linux-4.4.0-21-generic #37-Ubuntu SMP Mon Apr 18 18:33:37 UTC 2016
nodename: yuzhipeng-Lenovo-G40-70
machine: x86_64
clock source: unix
detected number of CPU cores: 4
current working directory: /home/yuzhipeng/桌面/myblog
detected binary path: /usr/local/bin/uwsgi
!!! no internal routing support, rebuild with pcre support !!!
uWSGI running as root, you can use --uid/--gid/--chroot options
*** WARNING: you are running uWSGI as root !!! (use the --uid flag) *** 
chdir() to /home/yuzhipeng/桌面/myblog
*** WARNING: you are running uWSGI without its master process manager ***
your processes number limit is 14929
your memory page size is 4096 bytes
detected max file descriptor number: 1024
lock engine: pthread robust mutexes
thunder lock: disabled (you can enable it with --thunder-lock)
probably another instance of uWSGI is running on the same address (:8077).
bind(): Address already in use [core/socket.c line 769]
*** Starting uWSGI 2.0.14 (64bit) on [Thu Oct 20 20:48:27 2016] ***
compiled with version: 5.4.0 20160609 on 18 October 2016 18:36:42
os: Linux-4.4.0-21-generic #37-Ubuntu SMP Mon Apr 18 18:33:37 UTC 2016
nodename: yuzhipeng-Lenovo-G40-70
machine: x86_64
clock source: unix
detected number of CPU cores: 4
current working directory: /home/yuzhipeng/桌面/myblog
detected binary path: /usr/local/bin/uwsgi
!!! no internal routing support, rebuild with pcre support !!!
uWSGI running as root, you can use --uid/--gid/--chroot options
*** WARNING: you are running uWSGI as root !!! (use the --uid flag) *** 
chdir() to /home/yuzhipeng/桌面/myblog
*** WARNING: you are running uWSGI without its master process manager ***
your processes number limit is 14929
your memory page size is 4096 bytes
detected max file descriptor number: 1024
lock engine: pthread robust mutexes
thunder lock: disabled (you can enable it with --thunder-lock)
probably another instance of uWSGI is running on the same address (:8077).
bind(): Address already in use [core/socket.c line 769]
Not Found: /
[pid: 4288|app: 0|req: 1/1] 127.0.0.1 () {40 vars in 690 bytes} [Thu Oct 20 20:48:34 2016] GET / => generated 2405 bytes in 60 msecs (HTTP/1.1 404) 2 headers in 80 bytes (1 switches on core 0)
Not Found: /favicon.ico
[pid: 4293|app: 0|req: 1/2] 127.0.0.1 () {40 vars in 644 bytes} [Thu Oct 20 20:48:34 2016] GET /favicon.ico => generated 2438 bytes in 26 msecs (HTTP/1.1 404) 2 headers in 80 bytes (1 switches on core 0)
*** Starting uWSGI 2.0.14 (64bit) on [Thu Oct 20 20:50:05 2016] ***
compiled with version: 5.4.0 20160609 on 18 October 2016 18:36:42
os: Linux-4.4.0-21-generic #37-Ubuntu SMP Mon Apr 18 18:33:37 UTC 2016
nodename: yuzhipeng-Lenovo-G40-70
machine: x86_64
clock source: unix
detected number of CPU cores: 4
current working directory: /home/yuzhipeng/桌面/myblog
detected binary path: /usr/local/bin/uwsgi
!!! no internal routing support, rebuild with pcre support !!!
uWSGI running as root, you can use --uid/--gid/--chroot options
*** WARNING: you are running uWSGI as root !!! (use the --uid flag) *** 
chdir() to /home/yuzhipeng/桌面/myblog
*** WARNING: you are running uWSGI without its master process manager ***
your processes number limit is 14929
your memory page size is 4096 bytes
detected max file descriptor number: 1024
lock engine: pthread robust mutexes
thunder lock: disabled (you can enable it with --thunder-lock)
uwsgi socket 0 bound to TCP address :8077 fd 3
Python version: 2.7.12 (default, Jul  1 2016, 15:12:24)  [GCC 5.4.0 20160609]
*** Python threads support is disabled. You can enable it with --enable-threads ***
Python main interpreter initialized at 0x170cb40
your server socket listen backlog is limited to 100 connections
your mercy for graceful operations on workers is 60 seconds
mapped 291040 bytes (284 KB) for 4 cores
*** Operational MODE: preforking ***
WSGI app 0 (mountpoint='') ready in 0 seconds on interpreter 0x170cb40 pid: 4567 (default app)
*** uWSGI is running in multiple interpreter mode ***
spawned uWSGI worker 1 (pid: 4567, cores: 1)
spawned uWSGI worker 2 (pid: 4570, cores: 1)
spawned uWSGI worker 3 (pid: 4571, cores: 1)
spawned uWSGI worker 4 (pid: 4572, cores: 1)
Not Found: /
[pid: 4572|app: 0|req: 1/1] 127.0.0.1 () {42 vars in 721 bytes} [Thu Oct 20 20:50:08 2016] GET / => generated 2405 bytes in 32 msecs (HTTP/1.1 404) 2 headers in 80 bytes (1 switches on core 0)
[pid: 4572|app: 0|req: 2/2] 127.0.0.1 () {40 vars in 700 bytes} [Thu Oct 20 20:53:55 2016] GET /admin => generated 0 bytes in 1 msecs (HTTP/1.1 301) 3 headers in 122 bytes (1 switches on core 0)
[pid: 4572|app: 0|req: 3/3] 127.0.0.1 () {40 vars in 702 bytes} [Thu Oct 20 20:53:55 2016] GET /admin/ => generated 0 bytes in 387 msecs (HTTP/1.1 302) 7 headers in 292 bytes (1 switches on core 0)
[pid: 4572|app: 0|req: 4/4] 127.0.0.1 () {40 vars in 739 bytes} [Thu Oct 20 20:53:55 2016] GET /admin/login/?next=/admin/ => generated 1683 bytes in 439 msecs (HTTP/1.1 200) 7 headers in 373 bytes (1 switches on core 0)
[pid: 4572|app: 0|req: 5/5] 127.0.0.1 () {52 vars in 1037 bytes} [Thu Oct 20 21:02:39 2016] POST /admin/login/?next=/admin/ => generated 0 bytes in 534 msecs (HTTP/1.1 302) 9 headers in 526 bytes (1 switches on core 0)
[pid: 4572|app: 0|req: 6/6] 127.0.0.1 () {46 vars in 897 bytes} [Thu Oct 20 21:02:40 2016] GET /admin/ => generated 7139 bytes in 88 msecs (HTTP/1.1 200) 6 headers in 251 bytes (1 switches on core 0)
[pid: 4570|app: 0|req: 1/7] 127.0.0.1 () {42 vars in 799 bytes} [Thu Oct 20 21:02:50 2016] GET /blog => generated 22047 bytes in 289 msecs (HTTP/1.1 200) 2 headers in 88 bytes (1 switches on core 0)
*** Starting uWSGI 2.0.14 (64bit) on [Fri Oct 21 15:21:17 2016] ***
compiled with version: 5.4.0 20160609 on 18 October 2016 18:36:42
os: Linux-4.4.0-21-generic #37-Ubuntu SMP Mon Apr 18 18:33:37 UTC 2016
nodename: yuzhipeng-Lenovo-G40-70
machine: x86_64
clock source: unix
detected number of CPU cores: 4
current working directory: /home/yuzhipeng/桌面/myblog
detected binary path: /usr/local/bin/uwsgi
!!! no internal routing support, rebuild with pcre support !!!
uWSGI running as root, you can use --uid/--gid/--chroot options
*** WARNING: you are running uWSGI as root !!! (use the --uid flag) *** 
chdir() to /home/yuzhipeng/桌面/myblog
*** WARNING: you are running uWSGI without its master process manager ***
your processes number limit is 14929
your memory page size is 4096 bytes
detected max file descriptor number: 1024
lock engine: pthread robust mutexes
thunder lock: disabled (you can enable it with --thunder-lock)
uwsgi socket 0 bound to TCP address :8077 fd 3
Python version: 2.7.12 (default, Jul  1 2016, 15:12:24)  [GCC 5.4.0 20160609]
*** Python threads support is disabled. You can enable it with --enable-threads ***
Python main interpreter initialized at 0xdecb40
your server socket listen backlog is limited to 100 connections
your mercy for graceful operations on workers is 60 seconds
mapped 291040 bytes (284 KB) for 4 cores
*** Operational MODE: preforking ***
WSGI app 0 (mountpoint='') ready in 2 seconds on interpreter 0xdecb40 pid: 4168 (default app)
*** uWSGI is running in multiple interpreter mode ***
spawned uWSGI worker 1 (pid: 4168, cores: 1)
spawned uWSGI worker 2 (pid: 4172, cores: 1)
spawned uWSGI worker 3 (pid: 4173, cores: 1)
spawned uWSGI worker 4 (pid: 4174, cores: 1)
Not Found: /
[pid: 4174|app: 0|req: 1/1] 127.0.0.1 () {40 vars in 680 bytes} [Fri Oct 21 15:21:21 2016] GET / => generated 2405 bytes in 294 msecs (HTTP/1.1 404) 2 headers in 80 bytes (1 switches on core 0)
[pid: 4173|app: 0|req: 1/2] 127.0.0.1 () {40 vars in 690 bytes} [Fri Oct 21 15:21:25 2016] GET /admin => generated 0 bytes in 26 msecs (HTTP/1.1 301) 3 headers in 122 bytes (1 switches on core 0)
[pid: 4173|app: 0|req: 2/3] 127.0.0.1 () {40 vars in 692 bytes} [Fri Oct 21 15:21:25 2016] GET /admin/ => generated 7139 bytes in 510 msecs (HTTP/1.1 200) 6 headers in 251 bytes (1 switches on core 0)
[pid: 4173|app: 0|req: 3/4] 127.0.0.1 () {40 vars in 692 bytes} [Fri Oct 21 15:22:13 2016] GET /admin/ => generated 7139 bytes in 22 msecs (HTTP/1.1 200) 6 headers in 251 bytes (1 switches on core 0)
[pid: 4174|app: 0|req: 2/5] 127.0.0.1 () {40 vars in 692 bytes} [Fri Oct 21 15:22:15 2016] GET /admin/ => generated 7139 bytes in 92 msecs (HTTP/1.1 200) 6 headers in 251 bytes (1 switches on core 0)
[pid: 4174|app: 0|req: 3/6] 127.0.0.1 () {40 vars in 692 bytes} [Fri Oct 21 15:22:15 2016] GET /admin/ => generated 7139 bytes in 23 msecs (HTTP/1.1 200) 6 headers in 251 bytes (1 switches on core 0)
Not Found: /favicon.ico
[pid: 4174|app: 0|req: 4/7] 127.0.0.1 () {42 vars in 749 bytes} [Fri Oct 21 15:23:23 2016] GET /favicon.ico => generated 2438 bytes in 7 msecs (HTTP/1.1 404) 2 headers in 80 bytes (1 switches on core 0)
[pid: 4173|app: 0|req: 4/8] 127.0.0.1 () {44 vars in 866 bytes} [Fri Oct 21 15:23:23 2016] GET /admin/ => generated 7139 bytes in 41 msecs (HTTP/1.1 200) 6 headers in 251 bytes (1 switches on core 0)
Gracefully killing worker 1 (pid: 4168)...
*** Starting uWSGI 2.0.14 (64bit) on [Sat Oct 22 09:01:17 2016] ***
compiled with version: 5.4.0 20160609 on 18 October 2016 18:36:42
os: Linux-4.4.0-21-generic #37-Ubuntu SMP Mon Apr 18 18:33:37 UTC 2016
nodename: yuzhipeng-Lenovo-G40-70
machine: x86_64
clock source: unix
detected number of CPU cores: 4
current working directory: /home/yuzhipeng/桌面/myblog
detected binary path: /usr/local/bin/uwsgi
!!! no internal routing support, rebuild with pcre support !!!
uWSGI running as root, you can use --uid/--gid/--chroot options
*** WARNING: you are running uWSGI as root !!! (use the --uid flag) *** 
chdir() to /home/yuzhipeng/桌面/myblog
*** WARNING: you are running uWSGI without its master process manager ***
your processes number limit is 14929
your memory page size is 4096 bytes
detected max file descriptor number: 1024
lock engine: pthread robust mutexes
thunder lock: disabled (you can enable it with --thunder-lock)
uwsgi socket 0 bound to TCP address :8077 fd 3
Python version: 2.7.12 (default, Jul  1 2016, 15:12:24)  [GCC 5.4.0 20160609]
*** Python threads support is disabled. You can enable it with --enable-threads ***
Python main interpreter initialized at 0x13cdb40
your server socket listen backlog is limited to 100 connections
your mercy for graceful operations on workers is 60 seconds
mapped 291040 bytes (284 KB) for 4 cores
*** Operational MODE: preforking ***
WSGI app 0 (mountpoint='') ready in 2 seconds on interpreter 0x13cdb40 pid: 4563 (default app)
*** uWSGI is running in multiple interpreter mode ***
spawned uWSGI worker 1 (pid: 4563, cores: 1)
spawned uWSGI worker 2 (pid: 4567, cores: 1)
spawned uWSGI worker 3 (pid: 4568, cores: 1)
spawned uWSGI worker 4 (pid: 4569, cores: 1)
[pid: 4568|app: 0|req: 1/1] 127.0.0.1 () {44 vars in 832 bytes} [Sat Oct 22 09:01:21 2016] GET /admin => generated 0 bytes in 296 msecs (HTTP/1.1 301) 3 headers in 122 bytes (1 switches on core 0)
[pid: 4569|app: 0|req: 1/2] 127.0.0.1 () {44 vars in 834 bytes} [Sat Oct 22 09:01:22 2016] GET /admin/ => generated 7139 bytes in 492 msecs (HTTP/1.1 200) 6 headers in 251 bytes (1 switches on core 0)
[pid: 4567|app: 0|req: 1/3] 127.0.0.1 () {44 vars in 875 bytes} [Sat Oct 22 09:01:26 2016] GET /admin/blog/blog/add/ => generated 7515 bytes in 139 msecs (HTTP/1.1 200) 7 headers in 373 bytes (1 switches on core 0)
[pid: 4569|app: 0|req: 2/4] 127.0.0.1 () {42 vars in 769 bytes} [Sat Oct 22 09:01:26 2016] GET /admin/jsi18n/ => generated 7237 bytes in 73 msecs (HTTP/1.1 200) 3 headers in 93 bytes (1 switches on core 0)
[pid: 4568|app: 0|req: 2/5] 127.0.0.1 () {52 vars in 1137 bytes} [Sat Oct 22 09:02:13 2016] POST /admin/blog/blog/add/ => generated 0 bytes in 194 msecs (HTTP/1.1 302) 8 headers in 499 bytes (1 switches on core 0)
[pid: 4569|app: 0|req: 3/6] 127.0.0.1 () {46 vars in 1097 bytes} [Sat Oct 22 09:02:13 2016] GET /admin/blog/blog/ => generated 8070 bytes in 68 msecs (HTTP/1.1 200) 8 headers in 455 bytes (1 switches on core 0)
[pid: 4569|app: 0|req: 4/7] 127.0.0.1 () {42 vars in 765 bytes} [Sat Oct 22 09:02:13 2016] GET /admin/jsi18n/ => generated 7237 bytes in 8 msecs (HTTP/1.1 200) 3 headers in 93 bytes (1 switches on core 0)
[pid: 4569|app: 0|req: 5/8] 127.0.0.1 () {44 vars in 830 bytes} [Sat Oct 22 09:02:17 2016] GET /blog => generated 22696 bytes in 69 msecs (HTTP/1.1 200) 2 headers in 88 bytes (1 switches on core 0)
[pid: 4569|app: 0|req: 6/9] 127.0.0.1 () {44 vars in 853 bytes} [Sat Oct 22 09:02:19 2016] GET /detail/18/ => generated 2575 bytes in 39 msecs (HTTP/1.1 200) 4 headers in 224 bytes (1 switches on core 0)
[pid: 4568|app: 0|req: 3/10] 127.0.0.1 () {44 vars in 834 bytes} [Sat Oct 22 09:25:09 2016] GET /admin/ => generated 7127 bytes in 64 msecs (HTTP/1.1 200) 6 headers in 251 bytes (1 switches on core 0)
Not Found: /favicon.ico
[pid: 4569|app: 0|req: 7/11] 127.0.0.1 () {40 vars in 702 bytes} [Sat Oct 22 09:27:33 2016] GET /favicon.ico => generated 2438 bytes in 5 msecs (HTTP/1.1 404) 2 headers in 80 bytes (1 switches on core 0)
[pid: 4567|app: 0|req: 2/12] 127.0.0.1 () {40 vars in 692 bytes} [Sat Oct 22 10:01:29 2016] GET /admin/ => generated 7127 bytes in 102 msecs (HTTP/1.1 200) 6 headers in 251 bytes (1 switches on core 0)
[pid: 4563|app: 0|req: 1/13] 127.0.0.1 () {42 vars in 644 bytes} [Sat Oct 22 10:55:46 2016] GET /admin/ => generated 0 bytes in 125 msecs (HTTP/1.1 302) 7 headers in 292 bytes (1 switches on core 0)
[pid: 4569|app: 0|req: 8/14] 127.0.0.1 () {42 vars in 681 bytes} [Sat Oct 22 10:55:46 2016] GET /admin/login/?next=/admin/ => generated 1683 bytes in 106 msecs (HTTP/1.1 200) 7 headers in 373 bytes (1 switches on core 0)
Gracefully killing worker 2 (pid: 4567)...
Gracefully killing worker 3 (pid: 4568)...
Gracefully killing worker 1 (pid: 4563)...
Gracefully killing worker 4 (pid: 4569)...
*** Starting uWSGI 2.0.14 (64bit) on [Mon Oct 31 23:18:25 2016] ***
compiled with version: 5.4.0 20160609 on 18 October 2016 18:36:42
os: Linux-4.4.0-21-generic #37-Ubuntu SMP Mon Apr 18 18:33:37 UTC 2016
nodename: yuzhipeng-Lenovo-G40-70
machine: x86_64
clock source: unix
detected number of CPU cores: 4
current working directory: /home/yuzhipeng/桌面/myblog
detected binary path: /usr/local/bin/uwsgi
!!! no internal routing support, rebuild with pcre support !!!
uWSGI running as root, you can use --uid/--gid/--chroot options
*** WARNING: you are running uWSGI as root !!! (use the --uid flag) *** 
chdir() to /home/yuzhipeng/桌面/myblog
*** WARNING: you are running uWSGI without its master process manager ***
your processes number limit is 14929
your memory page size is 4096 bytes
detected max file descriptor number: 1024
lock engine: pthread robust mutexes
thunder lock: disabled (you can enable it with --thunder-lock)
uwsgi socket 0 bound to TCP address :8077 fd 3
Python version: 2.7.12 (default, Jul  1 2016, 15:12:24)  [GCC 5.4.0 20160609]
*** Python threads support is disabled. You can enable it with --enable-threads ***
Python main interpreter initialized at 0x12d5b40
your server socket listen backlog is limited to 100 connections
your mercy for graceful operations on workers is 60 seconds
mapped 291040 bytes (284 KB) for 4 cores
*** Operational MODE: preforking ***
WSGI app 0 (mountpoint='') ready in 1 seconds on interpreter 0x12d5b40 pid: 3162 (default app)
*** uWSGI is running in multiple interpreter mode ***
spawned uWSGI worker 1 (pid: 3162, cores: 1)
spawned uWSGI worker 2 (pid: 3165, cores: 1)
spawned uWSGI worker 3 (pid: 3166, cores: 1)
spawned uWSGI worker 4 (pid: 3167, cores: 1)
Not Found: /
[pid: 3167|app: 0|req: 1/1] 127.0.0.1 () {40 vars in 680 bytes} [Mon Oct 31 23:18:53 2016] GET / => generated 2405 bytes in 363 msecs (HTTP/1.1 404) 2 headers in 80 bytes (1 switches on core 0)
Not Found: /favicon.ico
[pid: 3166|app: 0|req: 1/2] 127.0.0.1 () {40 vars in 702 bytes} [Mon Oct 31 23:18:53 2016] GET /favicon.ico => generated 2438 bytes in 25 msecs (HTTP/1.1 404) 2 headers in 80 bytes (1 switches on core 0)
[pid: 3166|app: 0|req: 2/3] 127.0.0.1 () {40 vars in 690 bytes} [Mon Oct 31 23:19:56 2016] GET /admin => generated 0 bytes in 0 msecs (HTTP/1.1 301) 3 headers in 122 bytes (1 switches on core 0)
[pid: 3167|app: 0|req: 2/4] 127.0.0.1 () {40 vars in 692 bytes} [Mon Oct 31 23:19:56 2016] GET /admin/ => generated 7127 bytes in 911 msecs (HTTP/1.1 200) 6 headers in 251 bytes (1 switches on core 0)
